======================================================================
  FAST COMMISSION-AWARE SEARCH
======================================================================

--- Loading data (all cached) ---
Fetching daily bars for SPY (2022-01-01 to 2026-03-12)...
  Got 1051 daily bars for SPY
Fetching daily bars for TLT (2022-01-01 to 2026-03-12)...
  Got 1051 daily bars for TLT
Fetching VIX data (2022-01-01 to 2026-03-12)...
  Got 1071 VIX daily bars via I:VIX
Fetching intraday bars for SPY across 1038 dates...
  Progress: 50/1038 dates...
  Progress: 100/1038 dates...
  Progress: 150/1038 dates...
  Progress: 200/1038 dates...
  Progress: 250/1038 dates...
  Progress: 300/1038 dates...
  Progress: 350/1038 dates...
  Progress: 400/1038 dates...
  Progress: 450/1038 dates...
  Progress: 500/1038 dates...
  Progress: 550/1038 dates...
  Progress: 600/1038 dates...
  Progress: 650/1038 dates...
  Progress: 700/1038 dates...
  Progress: 750/1038 dates...
  Progress: 800/1038 dates...
  Progress: 850/1038 dates...
  Progress: 900/1038 dates...
  Progress: 950/1038 dates...
  Progress: 1000/1038 dates...
  Got intraday data for 1038/1038 dates

--- Generating signals ---
Scanning 1038 days for signals (2 directions, 6 ATR levels)...
  Progress: 100/1038 days...
  Progress: 200/1038 days...
  Progress: 300/1038 days...
  Progress: 400/1038 days...
  Progress: 500/1038 days...
  Progress: 600/1038 days...
  Progress: 700/1038 days...
  Progress: 800/1038 days...
  Progress: 900/1038 days...
  Progress: 1000/1038 days...

  Signal Summary:

  ABOVE VWAP (fade/short):
    0.5x ATR: 127 signals
    0.6x ATR: 71 signals
    0.7x ATR: 41 signals
    0.8x ATR: 26 signals
    0.9x ATR: 20 signals
    1.0x ATR: 13 signals

  BELOW VWAP (buy/long):
    0.5x ATR: 197 signals
    0.6x ATR: 113 signals
    0.7x ATR: 75 signals
    0.8x ATR: 50 signals
    0.9x ATR: 27 signals
    1.0x ATR: 15 signals

--- Pulling options (cached) ---
  306 unique signal days
  2022-01-24: Got 8 put deltas, 8 call deltas (spot=431.26)
  2022-01-25: No 0DTE contracts found
  2022-01-26: Got 8 put deltas, 8 call deltas (spot=435.88)
  2022-01-27: No 0DTE contracts found
  2022-01-28: Got 8 put deltas, 8 call deltas (spot=435.47)
  2022-02-10: No 0DTE contracts found
  2022-02-11: Got 8 put deltas, 8 call deltas (spot=442.84)
  2022-02-22: Got 8 put deltas, 8 call deltas (spot=427.40)
  2022-02-23: Got 8 put deltas, 8 call deltas (spot=423.92)
  2022-02-24: No 0DTE contracts found
  2022-03-08: No 0DTE contracts found
  2022-03-16: Got 8 put deltas, 8 call deltas (spot=426.70)
  2022-04-05: No 0DTE contracts found
  2022-04-07: No 0DTE contracts found
  2022-04-12: No 0DTE contracts found
  2022-04-21: No 0DTE contracts found
  2022-04-22: Got 8 put deltas, 8 call deltas (spot=428.94)
  2022-04-25: Got 8 put deltas, 8 call deltas (spot=426.06)
  2022-04-26: No 0DTE contracts found
  2022-04-28: No 0DTE contracts found
  2022-04-29: Got 8 put deltas, 8 call deltas (spot=416.02)
  2022-05-02: Got 8 put deltas, 8 call deltas (spot=406.29)
  2022-05-04: Got 8 put deltas, 8 call deltas (spot=421.49)
  2022-05-05: No 0DTE contracts found
  2022-05-06: Got 8 put deltas, 8 call deltas (spot=414.65)
  2022-05-10: No 0DTE contracts found
  2022-05-11: Got 8 put deltas, 8 call deltas (spot=394.63)
  2022-05-18: Got 8 put deltas, 8 call deltas (spot=392.98)
  2022-05-20: Got 8 put deltas, 8 call deltas (spot=382.61)
  2022-06-09: No 0DTE contracts found
  2022-06-15: Got 8 put deltas, 8 call deltas (spot=383.15)
  2022-06-28: No 0DTE contracts found
  2022-06-30: Got 8 put deltas, 8 call deltas (spot=380.22)
  2022-07-05: Got 8 put deltas, 8 call deltas (spot=380.00)
  2022-07-12: No 0DTE contracts found
  2022-07-14: No 0DTE contracts found
  2022-07-18: Got 8 put deltas, 8 call deltas (spot=382.49)
  2022-07-27: Got 8 put deltas, 8 call deltas (spot=400.70)
  2022-07-28: No 0DTE contracts found
  2022-08-26: Got 8 put deltas, 8 call deltas (spot=414.56)
  2022-08-30: No 0DTE contracts found
  2022-09-01: No 0DTE contracts found
  2022-09-02: Got 8 put deltas, 8 call deltas (spot=395.90)
  2022-09-07: Got 8 put deltas, 8 call deltas (spot=396.97)
  2022-09-13: No 0DTE contracts found
  2022-09-21: Got 8 put deltas, 8 call deltas (spot=388.54)
  2022-09-27: No 0DTE contracts found
  2022-09-28: Got 8 put deltas, 8 call deltas (spot=371.61)
  2022-10-03: Got 8 put deltas, 7 call deltas (spot=368.49)
  2022-10-05: Got 8 put deltas, 8 call deltas (spot=378.81)
  2022-10-13: No 0DTE contracts found
  2022-10-14: Got 8 put deltas, 8 call deltas (spot=360.92)
  2022-10-21: Got 8 put deltas, 8 call deltas (spot=373.98)
  2022-11-02: Got 8 put deltas, 8 call deltas (spot=387.06)
  2022-11-04: Got 8 put deltas, 8 call deltas (spot=371.04)
  2022-11-08: No 0DTE contracts found
  2022-11-10: No 0DTE contracts found
  2022-11-15: Got 8 put deltas, 8 call deltas (spot=395.80)
  2022-11-30: Got 8 put deltas, 8 call deltas (spot=398.38)
  2022-12-06: Got 7 put deltas, 8 call deltas (spot=391.75)
  2022-12-13: Got 8 put deltas, 8 call deltas (spot=404.84)
  2022-12-14: Got 8 put deltas, 8 call deltas (spot=400.23)
  2022-12-22: Got 8 put deltas, 8 call deltas (spot=375.60)
  2023-01-06: Got 8 put deltas, 8 call deltas (spot=387.99)
  2023-01-18: Got 8 put deltas, 8 call deltas (spot=394.35)
  2023-01-20: Got 8 put deltas, 8 call deltas (spot=394.82)
  2023-01-25: Got 8 put deltas, 8 call deltas (spot=399.34)
  2023-02-01: Got 8 put deltas, 8 call deltas (spot=408.36)
  2023-02-07: Got 8 put deltas, 8 call deltas (spot=413.05)
  2023-02-09: Got 8 put deltas, 8 call deltas (spot=407.55)
  2023-02-23: Got 8 put deltas, 8 call deltas (spot=396.90)
  2023-03-02: Got 8 put deltas, 8 call deltas (spot=396.86)
  2023-03-07: Got 8 put deltas, 8 call deltas (spot=398.30)
  2023-03-09: Got 8 put deltas, 8 call deltas (spot=396.45)
  2023-03-10: Got 8 put deltas, 8 call deltas (spot=392.75)
  2023-03-13: Got 8 put deltas, 8 call deltas (spot=385.57)
  2023-03-14: Got 8 put deltas, 8 call deltas (spot=388.14)
  2023-03-16: Got 8 put deltas, 8 call deltas (spot=391.93)
  2023-03-22: Got 8 put deltas, 8 call deltas (spot=395.45)
  2023-03-23: Got 8 put deltas, 8 call deltas (spot=392.80)
  2023-04-12: Got 8 put deltas, 8 call deltas (spot=407.55)
  2023-04-25: Got 8 put deltas, 8 call deltas (spot=407.26)
  2023-04-27: Got 8 put deltas, 8 call deltas (spot=410.74)
  2023-05-02: Got 8 put deltas, 8 call deltas (spot=410.18)
  2023-05-03: Got 8 put deltas, 8 call deltas (spot=408.96)
  2023-05-05: Got 8 put deltas, 8 call deltas (spot=413.51)
  2023-05-10: Got 8 put deltas, 8 call deltas (spot=409.54)
  2023-05-17: Got 8 put deltas, 8 call deltas (spot=414.48)
  2023-05-18: Got 8 put deltas, 6 call deltas (spot=419.05)
  2023-05-19: Got 8 put deltas, 8 call deltas (spot=417.39)
  2023-05-23: Got 8 put deltas, 8 call deltas (spot=414.25)
  2023-05-25: Got 8 put deltas, 8 call deltas (spot=415.86)
  2023-06-01: Got 8 put deltas, 8 call deltas (spot=421.05)
  2023-06-12: Got 8 put deltas, 7 call deltas (spot=433.60)
  2023-06-14: Got 8 put deltas, 8 call deltas (spot=435.55)
  2023-06-15: Got 8 put deltas, 7 call deltas (spot=441.80)
  2023-06-27: Got 8 put deltas, 8 call deltas (spot=435.65)
  2023-07-07: Got 8 put deltas, 8 call deltas (spot=442.43)
  2023-07-18: Got 8 put deltas, 5 call deltas (spot=454.79)
    [100/306]...
  2023-07-20: Got 8 put deltas, 8 call deltas (spot=451.51)
  2023-07-26: Got 8 put deltas, 7 call deltas (spot=456.85)
  2023-07-27: Got 8 put deltas, 8 call deltas (spot=456.26)
  2023-08-02: Got 7 put deltas, 8 call deltas (spot=449.37)
  2023-08-04: Got 8 put deltas, 8 call deltas (spot=448.81)
  2023-08-08: Got 8 put deltas, 7 call deltas (spot=449.05)
  2023-08-09: Got 8 put deltas, 8 call deltas (spot=445.24)
  2023-08-10: Got 8 put deltas, 8 call deltas (spot=447.64)
  2023-08-16: Got 7 put deltas, 8 call deltas (spot=440.14)
  2023-08-17: Got 8 put deltas, 8 call deltas (spot=437.19)
  2023-08-21: Got 8 put deltas, 8 call deltas (spot=439.90)
  2023-08-24: Got 8 put deltas, 8 call deltas (spot=440.52)
  2023-08-25: Got 8 put deltas, 8 call deltas (spot=440.68)
  2023-08-29: Got 8 put deltas, 8 call deltas (spot=448.42)
  2023-09-06: Got 8 put deltas, 8 call deltas (spot=443.89)
  2023-09-15: Got 8 put deltas, 8 call deltas (spot=443.38)
  2023-09-20: Got 8 put deltas, 8 call deltas (spot=440.90)
  2023-09-21: Got 8 put deltas, 8 call deltas (spot=431.89)
  2023-09-27: Got 8 put deltas, 8 call deltas (spot=422.96)
  2023-09-28: Got 8 put deltas, 8 call deltas (spot=429.52)
  2023-09-29: Got 8 put deltas, 8 call deltas (spot=427.92)
  2023-10-03: Got 8 put deltas, 8 call deltas (spot=421.57)
  2023-10-04: Got 8 put deltas, 8 call deltas (spot=425.25)
  2023-10-06: Got 8 put deltas, 8 call deltas (spot=425.77)
  2023-10-09: Got 8 put deltas, 8 call deltas (spot=431.50)
  2023-10-12: Got 8 put deltas, 8 call deltas (spot=433.04)
  2023-10-13: Got 8 put deltas, 8 call deltas (spot=431.90)
  2023-10-17: Got 8 put deltas, 8 call deltas (spot=437.39)
  2023-10-18: Got 8 put deltas, 8 call deltas (spot=429.49)
  2023-10-19: Got 8 put deltas, 8 call deltas (spot=427.20)
  2023-10-23: Got 8 put deltas, 8 call deltas (spot=424.01)
  2023-11-09: Got 8 put deltas, 8 call deltas (spot=433.51)
  2023-11-10: Got 8 put deltas, 8 call deltas (spot=439.00)
  2023-12-01: Got 8 put deltas, 8 call deltas (spot=458.72)
  2023-12-06: Got 5 put deltas, 6 call deltas (spot=454.35)
  2023-12-13: Got 8 put deltas, 8 call deltas (spot=467.09)
  2023-12-14: Got 8 put deltas, 8 call deltas (spot=470.11)
  2023-12-20: Got 8 put deltas, 8 call deltas (spot=472.72)
  2023-12-22: Got 8 put deltas, 8 call deltas (spot=472.01)
  2023-12-29: Got 8 put deltas, 8 call deltas (spot=473.33)
  2024-01-05: Got 8 put deltas, 8 call deltas (spot=466.71)
  2024-01-08: Got 8 put deltas, 8 call deltas (spot=472.45)
  2024-01-11: Got 8 put deltas, 6 call deltas (spot=476.82)
  2024-01-18: Got 6 put deltas, 4 call deltas (spot=476.60)
  2024-01-19: Got 8 put deltas, 7 call deltas (spot=480.65)
  2024-01-29: Got 8 put deltas, 8 call deltas (spot=490.23)
  2024-01-31: Got 8 put deltas, 8 call deltas (spot=484.95)
  2024-02-01: Got 8 put deltas, 8 call deltas (spot=487.58)
  2024-02-02: Got 8 put deltas, 8 call deltas (spot=493.23)
  2024-02-13: Got 8 put deltas, 8 call deltas (spot=492.24)
  2024-02-22: Got 8 put deltas, 8 call deltas (spot=507.44)
  2024-03-01: Got 8 put deltas, 8 call deltas (spot=512.90)
  2024-03-05: Got 6 put deltas, 8 call deltas (spot=505.85)
  2024-03-08: Got 8 put deltas, 8 call deltas (spot=513.52)
  2024-03-12: Got 8 put deltas, 8 call deltas (spot=515.39)
  2024-03-14: Got 7 put deltas, 8 call deltas (spot=511.92)
  2024-03-20: Got 8 put deltas, 7 call deltas (spot=519.07)
  2024-04-04: Got 8 put deltas, 8 call deltas (spot=520.82)
  2024-04-05: Got 8 put deltas, 8 call deltas (spot=518.71)
  2024-04-09: Got 8 put deltas, 8 call deltas (spot=516.80)
  2024-04-11: Got 8 put deltas, 7 call deltas (spot=516.90)
  2024-04-12: Got 8 put deltas, 8 call deltas (spot=511.11)
  2024-04-15: Got 8 put deltas, 8 call deltas (spot=509.96)
  2024-04-17: Got 8 put deltas, 8 call deltas (spot=501.04)
  2024-04-19: Got 8 put deltas, 8 call deltas (spot=495.20)
  2024-04-22: Got 8 put deltas, 8 call deltas (spot=500.65)
  2024-04-25: Got 8 put deltas, 8 call deltas (spot=502.58)
  2024-04-30: Got 7 put deltas, 8 call deltas (spot=502.91)
  2024-05-01: Got 8 put deltas, 8 call deltas (spot=505.03)
  2024-05-22: Got 8 put deltas, 8 call deltas (spot=528.06)
  2024-05-23: Got 8 put deltas, 8 call deltas (spot=528.22)
  2024-05-31: Got 8 put deltas, 8 call deltas (spot=523.63)
  2024-06-03: Got 8 put deltas, 8 call deltas (spot=524.83)
  2024-06-11: Got 8 put deltas, 6 call deltas (spot=536.48)
  2024-06-17: Got 8 put deltas, 8 call deltas (spot=545.60)
  2024-06-20: Got 8 put deltas, 8 call deltas (spot=546.50)
  2024-06-28: Got 8 put deltas, 8 call deltas (spot=545.97)
  2024-07-10: Got 7 put deltas, 3 call deltas (spot=560.73)
  2024-07-11: Got 8 put deltas, 8 call deltas (spot=558.57)
  2024-07-12: Got 8 put deltas, 8 call deltas (spot=561.06)
  2024-07-15: Got 7 put deltas, 5 call deltas (spot=560.04)
  2024-07-18: Got 8 put deltas, 8 call deltas (spot=555.30)
  2024-07-19: Got 8 put deltas, 8 call deltas (spot=547.99)
  2024-07-24: Got 8 put deltas, 8 call deltas (spot=542.75)
  2024-07-25: Got 8 put deltas, 8 call deltas (spot=543.15)
  2024-07-26: Got 8 put deltas, 8 call deltas (spot=546.84)
  2024-07-30: Got 8 put deltas, 8 call deltas (spot=542.36)
  2024-08-01: Got 8 put deltas, 8 call deltas (spot=549.21)
  2024-08-02: Got 8 put deltas, 8 call deltas (spot=531.21)
  2024-08-05: Got 8 put deltas, 8 call deltas (spot=519.80)
  2024-08-06: Got 8 put deltas, 8 call deltas (spot=526.12)
  2024-08-07: Got 8 put deltas, 8 call deltas (spot=523.87)
  2024-08-22: Got 8 put deltas, 8 call deltas (spot=555.30)
  2024-08-28: Got 8 put deltas, 8 call deltas (spot=555.15)
  2024-08-29: Got 8 put deltas, 8 call deltas (spot=557.58)
  2024-09-03: Got 6 put deltas, 8 call deltas (spot=551.62)
  2024-09-06: Got 8 put deltas, 8 call deltas (spot=545.09)
  2024-09-11: Got 8 put deltas, 8 call deltas (spot=547.26)
  2024-09-18: Got 8 put deltas, 8 call deltas (spot=567.25)
  2024-10-07: Got 8 put deltas, 8 call deltas (spot=567.51)
    [200/306]...
  2024-10-15: Got 7 put deltas, 6 call deltas (spot=579.18)
  2024-10-23: Got 8 put deltas, 8 call deltas (spot=576.92)
  2024-10-25: Got 8 put deltas, 8 call deltas (spot=579.87)
  2024-10-31: Got 8 put deltas, 8 call deltas (spot=570.51)
  2024-11-06: Got 8 put deltas, 6 call deltas (spot=591.47)
  2024-11-19: Got 8 put deltas, 8 call deltas (spot=590.58)
  2024-11-20: Got 8 put deltas, 5 call deltas (spot=590.62)
  2024-11-21: Got 8 put deltas, 6 call deltas (spot=594.04)
  2024-11-25: Got 8 put deltas, 7 call deltas (spot=595.53)
  2024-12-13: Got 8 put deltas, 8 call deltas (spot=603.19)
  2024-12-18: Got 8 put deltas, 8 call deltas (spot=602.76)
  2024-12-19: Got 8 put deltas, 8 call deltas (spot=586.20)
  2024-12-20: Got 8 put deltas, 8 call deltas (spot=585.94)
  2024-12-27: Got 8 put deltas, 8 call deltas (spot=590.89)
  2024-12-30: Got 8 put deltas, 8 call deltas (spot=590.08)
  2025-01-02: Got 8 put deltas, 8 call deltas (spot=584.49)
  2025-01-07: Got 8 put deltas, 8 call deltas (spot=588.72)
  2025-01-14: Got 8 put deltas, 8 call deltas (spot=578.63)
  2025-01-31: Got 8 put deltas, 8 call deltas (spot=603.95)
  2025-02-03: Got 8 put deltas, 8 call deltas (spot=596.78)
  2025-02-07: Got 8 put deltas, 8 call deltas (spot=601.82)
  2025-02-12: Got 8 put deltas, 5 call deltas (spot=604.42)
  2025-02-21: Got 8 put deltas, 8 call deltas (spot=603.84)
  2025-02-24: Got 8 put deltas, 8 call deltas (spot=596.83)
  2025-02-25: Got 8 put deltas, 8 call deltas (spot=591.60)
  2025-02-26: Got 8 put deltas, 8 call deltas (spot=593.92)
  2025-02-27: Got 8 put deltas, 8 call deltas (spot=591.20)
  2025-02-28: Got 8 put deltas, 8 call deltas (spot=589.79)
  2025-03-03: Got 8 put deltas, 8 call deltas (spot=589.62)
  2025-03-04: Got 8 put deltas, 8 call deltas (spot=580.41)
  2025-03-05: Got 8 put deltas, 8 call deltas (spot=581.91)
  2025-03-06: Got 8 put deltas, 8 call deltas (spot=571.59)
  2025-03-07: Got 8 put deltas, 8 call deltas (spot=575.24)
  2025-03-10: Got 8 put deltas, 8 call deltas (spot=559.70)
  2025-03-11: Got 8 put deltas, 8 call deltas (spot=562.10)
  2025-03-12: Got 8 put deltas, 8 call deltas (spot=554.89)
  2025-03-19: Got 8 put deltas, 8 call deltas (spot=570.23)
  2025-03-31: Got 8 put deltas, 8 call deltas (spot=556.75)
  2025-04-02: Got 8 put deltas, 8 call deltas (spot=565.66)
  2025-04-04: Got 8 put deltas, 8 call deltas (spot=514.98)
  2025-04-07: Got 8 put deltas, 8 call deltas (spot=494.13)
  2025-04-08: Got 8 put deltas, 8 call deltas (spot=512.21)
  2025-04-09: Got 8 put deltas, 8 call deltas (spot=512.80)
  2025-04-10: Got 8 put deltas, 8 call deltas (spot=517.13)
  2025-05-21: Got 8 put deltas, 8 call deltas (spot=584.69)
  2025-06-05: Got 8 put deltas, 8 call deltas (spot=591.74)
  2025-06-23: Got 8 put deltas, 4 call deltas (spot=600.38)
  2025-06-27: Got 8 put deltas, 8 call deltas (spot=611.13)
  2025-07-07: Got 8 put deltas, 8 call deltas (spot=618.14)
