======================================================================
  DEEP FRONTSIDE MEAN REVERSION — EXHAUSTIVE SEARCH
  Single + Scaled(2) + Scaled(3) entries
  All resting limit orders. Real Polygon 1-min data.
======================================================================
Fetching daily bars for SPY (2022-01-01 to 2026-03-12)...
  Got 1051 daily bars for SPY
Fetching daily bars for TLT (2022-01-01 to 2026-03-12)...
  Got 1051 daily bars for TLT
Fetching VIX data (2022-01-01 to 2026-03-12)...
  Got 1071 VIX daily bars via I:VIX
Fetching intraday bars for SPY across 1038 dates...
  Progress: 50/1038 dates...
  Progress: 100/1038 dates...
  Progress: 150/1038 dates...
  Progress: 200/1038 dates...
  Progress: 250/1038 dates...
  Progress: 300/1038 dates...
  Progress: 350/1038 dates...
  Progress: 400/1038 dates...
  Progress: 450/1038 dates...
  Progress: 500/1038 dates...
  Progress: 550/1038 dates...
  Progress: 600/1038 dates...
  Progress: 650/1038 dates...
  Progress: 700/1038 dates...
  Progress: 750/1038 dates...
  Progress: 800/1038 dates...
  Progress: 850/1038 dates...
  Progress: 900/1038 dates...
  Progress: 950/1038 dates...
  Progress: 1000/1038 dates...
  Got intraday data for 1038/1038 dates

======================================================================
  SPY DEEP FRONTSIDE SEARCH
  1037 trading days with VWAP + ATR
======================================================================

  PHASE 1: Single entries (0.3x–2.0x ATR, both dirs)
  2720 total single-entry signals across 36 combos
    below 0.3x: 526
    below 0.4x: 384
    below 0.5x: 236
    below 0.6x: 139
    below 0.7x:  89
    below 0.8x:  62
    below 0.9x:  38
    below 1.0x:  18
    below 1.1x:  12
    below 1.2x:   7
    below 1.3x:   5
    below 1.4x:   3
    below 1.5x:   3
    below 1.6x:   2
    below 1.7x:   2
    below 1.8x:   2
    below 1.9x:   2
    below 2.0x:   1
    above 0.3x: 488
    above 0.4x: 285
    above 0.5x: 155
    above 0.6x:  93
    above 0.7x:  60
    above 0.8x:  36
    above 0.9x:  23
    above 1.0x:  17
    above 1.1x:   9
    above 1.2x:   5
    above 1.3x:   4
    above 1.4x:   4
    above 1.5x:   2
    above 1.6x:   2
    above 1.7x:   2
    above 1.8x:   2
    above 1.9x:   1
    above 2.0x:   1

  Grid: 36 signal combos × 847 exit combos = 30492
    [20000/30492] (9317 passed)...
  Phase 1 done: 9923 positive-expectancy configs

  PHASE 2: Scaled entries (2 levels, 30 pairs)
  12750 total scaled-entry signals across 60 combos
  Grid: 60 signal combos × 324 exits = 19440
  Phase 2 done: 11500 positive-expectancy configs

  PHASE 3: Triple scaled entries (27 combos)
  18624 total triple-entry signals across 54 combos
  Grid: 54 signal combos × 144 exits = 7776
  Phase 3 done: 2899 positive-expectancy configs

======================================================================
  SPY COMBINED: 24322 positive-expectancy configs
  Single: 9923 | Scaled-2: 11500 | Scaled-3: 2899
======================================================================

  TOP 50 (by Sharpe, filtering near-zero-variance):
    #     Type   Dir         Levels  Stop   Tgt    T    N  Sharpe    WR      Avg      Tot    PF  NY
    1   single below           0.8x  1.00  0.05   60   62   0.891 96.8% +0.0405%   +2.51%  7.81   0
    2   single below           0.8x  1.50  0.05   60   62   0.891 96.8% +0.0405%   +2.51%  7.81   0
    3   single below           0.8x  2.00  0.05   60   62   0.891 96.8% +0.0405%   +2.51%  7.81   0
    4   single below           0.8x  3.00  0.05   60   62   0.891 96.8% +0.0405%   +2.51%  7.81   0
    5   single below           0.9x  0.10  0.15    5   38   0.842 78.9% +0.0804%   +3.05%  5.46   1
    6   single below           0.8x  1.00  0.05  120   62   0.822 96.8% +0.0396%   +2.46%  6.80   0
    7   single below           0.8x  1.00  0.05  EOD   62   0.822 96.8% +0.0396%   +2.46%  6.80   0
    8   single below           0.8x  1.50  0.05  120   62   0.822 96.8% +0.0396%   +2.46%  6.80   0
    9   single below           0.8x  1.50  0.05  EOD   62   0.822 96.8% +0.0396%   +2.46%  6.80   0
   10   single below           0.8x  2.00  0.05  120   62   0.822 96.8% +0.0396%   +2.46%  6.80   0
   11   single below           0.8x  2.00  0.05  EOD   62   0.822 96.8% +0.0396%   +2.46%  6.80   0
   12   single below           0.8x  3.00  0.05  120   62   0.822 96.8% +0.0396%   +2.46%  6.80   0
   13   single below           0.8x  3.00  0.05  EOD   62   0.822 96.8% +0.0396%   +2.46%  6.80   0
   14   single below           0.9x  0.10  0.10    5   38   0.805 81.6% +0.0595%   +2.26%  4.62   0
   15   single below           0.9x  0.15  0.15    5   38   0.796 81.6% +0.0817%   +3.10%  4.97   1
   16   single below           0.9x  0.25  0.15    5   38   0.765 84.2% +0.0826%   +3.14%  4.99   1
   17   single below           0.9x  0.15  0.20    5   38   0.742 78.9% +0.0915%   +3.48%  4.89   1
   18   single below           0.9x  0.25  0.20    5   38   0.724 81.6% +0.0924%   +3.51%  4.92   1
   19   single below           0.9x  0.15  0.10    5   38   0.723 84.2% +0.0595%   +2.26%  4.13   1
   20   single below           0.8x  0.75  0.05   15   62   0.720 96.8% +0.0386%   +2.39%  6.16   0
   21   single below           0.8x  1.00  0.05   15   62   0.720 96.8% +0.0386%   +2.39%  6.16   0
   22   single below           0.8x  1.50  0.05   15   62   0.720 96.8% +0.0386%   +2.39%  6.16   0
   23   single below           0.8x  2.00  0.05   15   62   0.720 96.8% +0.0386%   +2.39%  6.16   0
   24   single below           0.8x  3.00  0.05   15   62   0.720 96.8% +0.0386%   +2.39%  6.16   0
   25   single below           0.9x  0.10  0.15   10   38   0.718 71.1% +0.0762%   +2.89%  4.07   1
   26   single below           0.9x  0.10  0.10   10   38   0.700 78.9% +0.0564%   +2.14%  3.69   0
   27   single below           0.9x  0.50  0.15    5   38   0.692 84.2% +0.0804%   +3.05%  4.51   1
   28   single below           0.9x  0.75  0.15    5   38   0.692 84.2% +0.0804%   +3.05%  4.51   1
   29   single below           0.9x  1.00  0.15    5   38   0.692 84.2% +0.0804%   +3.05%  4.51   1
   30   single below           0.9x  1.50  0.15    5   38   0.692 84.2% +0.0804%   +3.05%  4.51   1
   31   single below           0.9x  2.00  0.15    5   38   0.692 84.2% +0.0804%   +3.05%  4.51   1
   32   single below           0.9x  3.00  0.15    5   38   0.692 84.2% +0.0804%   +3.05%  4.51   1
   33   single below           0.9x  0.30  0.15    5   38   0.687 84.2% +0.0800%   +3.04%  4.43   1
   34   single below           0.9x  0.10  0.10   15   38   0.686 78.9% +0.0559%   +2.12%  3.60   0
   35   single below           0.9x  0.10  0.10   30   38   0.686 78.9% +0.0559%   +2.12%  3.60   0
   36   single below           0.9x  0.10  0.10   60   38   0.686 78.9% +0.0559%   +2.12%  3.60   0
   37   single below           0.9x  0.10  0.10  120   38   0.686 78.9% +0.0559%   +2.12%  3.60   0
   38   single below           0.9x  0.10  0.10  EOD   38   0.686 78.9% +0.0559%   +2.12%  3.60   0
   39   single below           0.9x  0.10  0.20    5   38   0.685 73.7% +0.0812%   +3.09%  4.47   0
   40   single below           0.9x  0.25  0.10    5   38   0.679 86.8% +0.0604%   +2.30%  4.16   1
   41   single below           0.9x  0.50  0.20    5   38   0.670 81.6% +0.0902%   +3.43%  4.50   1
   42   single below           0.9x  0.75  0.20    5   38   0.670 81.6% +0.0902%   +3.43%  4.50   1
   43   single below           0.9x  1.00  0.20    5   38   0.670 81.6% +0.0902%   +3.43%  4.50   1
   44   single below           0.9x  1.50  0.20    5   38   0.670 81.6% +0.0902%   +3.43%  4.50   1
   45   single below           0.9x  2.00  0.20    5   38   0.670 81.6% +0.0902%   +3.43%  4.50   1
   46   single below           0.9x  3.00  0.20    5   38   0.670 81.6% +0.0902%   +3.43%  4.50   1
   47   single below           0.9x  0.10  0.15   60   38   0.666 71.1% +0.0755%   +2.87%  3.56   1
   48   single below           0.9x  0.30  0.20    5   38   0.665 81.6% +0.0898%   +3.41%  4.42   1
   49   single below           0.9x  0.20  0.15    5   38   0.664 81.6% +0.0764%   +2.90%  3.96   1
   50   single below           0.9x  0.20  0.20    5   38   0.643 78.9% +0.0862%   +3.28%  4.00   1

======================================================================
  WALK-FORWARD (Train < 2024-07-01 | Test >= 2024-07-01)
======================================================================
  # 20   single below           0.8x s=0.75 t=0.05 T=15
        Train: N= 32 Sh=+10.463 WR=100.0%
        Test:  N= 30 Sh=+0.388 WR= 93.3%  → PASS
  # 21   single below           0.8x s=1.0 t=0.05 T=15
        Train: N= 32 Sh=+10.463 WR=100.0%
        Test:  N= 30 Sh=+0.388 WR= 93.3%  → PASS
  # 22   single below           0.8x s=1.5 t=0.05 T=15
        Train: N= 32 Sh=+10.463 WR=100.0%
        Test:  N= 30 Sh=+0.388 WR= 93.3%  → PASS
  # 23   single below           0.8x s=2.0 t=0.05 T=15
        Train: N= 32 Sh=+10.463 WR=100.0%
        Test:  N= 30 Sh=+0.388 WR= 93.3%  → PASS
  # 24   single below           0.8x s=3.0 t=0.05 T=15
        Train: N= 32 Sh=+10.463 WR=100.0%
        Test:  N= 30 Sh=+0.388 WR= 93.3%  → PASS
  #111   single below           0.8x s=0.5 t=0.05 T=5
        Train: N= 32 Sh=+0.757 WR= 90.6%
        Test:  N= 30 Sh=+0.416 WR= 86.7%  → PASS
  #112   single below           0.8x s=0.75 t=0.05 T=5
        Train: N= 32 Sh=+0.757 WR= 90.6%
        Test:  N= 30 Sh=+0.416 WR= 86.7%  → PASS
  #113   single below           0.8x s=1.0 t=0.05 T=5
        Train: N= 32 Sh=+0.757 WR= 90.6%
        Test:  N= 30 Sh=+0.416 WR= 86.7%  → PASS
  #114   single below           0.8x s=1.5 t=0.05 T=5
        Train: N= 32 Sh=+0.757 WR= 90.6%
        Test:  N= 30 Sh=+0.416 WR= 86.7%  → PASS
  #115   single below           0.8x s=2.0 t=0.05 T=5
        Train: N= 32 Sh=+0.757 WR= 90.6%
        Test:  N= 30 Sh=+0.416 WR= 86.7%  → PASS
  #116   single below           0.8x s=3.0 t=0.05 T=5
        Train: N= 32 Sh=+0.757 WR= 90.6%
        Test:  N= 30 Sh=+0.416 WR= 86.7%  → PASS
  #145   single below           0.8x s=0.3 t=0.05 T=10
        Train: N= 32 Sh=+5.332 WR= 96.9%
        Test:  N= 30 Sh=+0.234 WR= 90.0%  → PASS
  #163   single below           0.8x s=0.3 t=0.05 T=15
        Train: N= 32 Sh=+10.463 WR=100.0%
        Test:  N= 30 Sh=+0.211 WR= 90.0%  → PASS
  #185   single below           0.8x s=0.5 t=0.05 T=15
        Train: N= 32 Sh=+10.463 WR=100.0%
        Test:  N= 30 Sh=+0.236 WR= 93.3%  → PASS

  WF survivors: 14

  YEARLY STABILITY:

    single below 0.8x s=0.75 t=0.05 T=15  WF=PASS
      2022: Sh=+0.000
      2023: Sh=+0.000
      2024: Sh=+7.156
      2025: Sh=+0.198
      2026: Sh=+0.000
      → PROMOTED

    single below 0.8x s=1.0 t=0.05 T=15  WF=PASS
      2022: Sh=+0.000
      2023: Sh=+0.000
      2024: Sh=+7.156
      2025: Sh=+0.198
      2026: Sh=+0.000
      → PROMOTED

    single below 0.8x s=1.5 t=0.05 T=15  WF=PASS
      2022: Sh=+0.000
      2023: Sh=+0.000
      2024: Sh=+7.156
      2025: Sh=+0.198
      2026: Sh=+0.000
      → PROMOTED

    single below 0.8x s=2.0 t=0.05 T=15  WF=PASS
      2022: Sh=+0.000
      2023: Sh=+0.000
      2024: Sh=+7.156
      2025: Sh=+0.198
      2026: Sh=+0.000
      → PROMOTED

    single below 0.8x s=3.0 t=0.05 T=15  WF=PASS
      2022: Sh=+0.000
      2023: Sh=+0.000
      2024: Sh=+7.156
      2025: Sh=+0.198
      2026: Sh=+0.000
      → PROMOTED

    single below 0.8x s=0.5 t=0.05 T=5  WF=PASS
      2022: Sh=+0.000
      2023: Sh=+0.251
      2024: Sh=+0.824
      2025: Sh=+0.289
      2026: Sh=+0.000
      → PROMOTED

    single below 0.8x s=0.75 t=0.05 T=5  WF=PASS
      2022: Sh=+0.000
      2023: Sh=+0.251
      2024: Sh=+0.824
      2025: Sh=+0.289
      2026: Sh=+0.000
      → PROMOTED

    single below 0.8x s=1.0 t=0.05 T=5  WF=PASS
      2022: Sh=+0.000
      2023: Sh=+0.251
      2024: Sh=+0.824
      2025: Sh=+0.289
      2026: Sh=+0.000
      → PROMOTED

    single below 0.8x s=1.5 t=0.05 T=5  WF=PASS
      2022: Sh=+0.000
      2023: Sh=+0.251
      2024: Sh=+0.824
      2025: Sh=+0.289
      2026: Sh=+0.000
      → PROMOTED

    single below 0.8x s=2.0 t=0.05 T=5  WF=PASS
      2022: Sh=+0.000
      2023: Sh=+0.251
      2024: Sh=+0.824
      2025: Sh=+0.289
      2026: Sh=+0.000
      → PROMOTED

    single below 0.8x s=3.0 t=0.05 T=5  WF=PASS
      2022: Sh=+0.000
      2023: Sh=+0.251
      2024: Sh=+0.824
      2025: Sh=+0.289
      2026: Sh=+0.000
      → PROMOTED

    single below 0.8x s=0.3 t=0.05 T=10  WF=PASS
      2022: Sh=+0.000
      2023: Sh=+20.073
      2024: Sh=+3.629
      2025: Sh=+0.046
      2026: Sh=+0.000
      → PROMOTED

    single below 0.8x s=0.3 t=0.05 T=15  WF=PASS
      2022: Sh=+0.000
      2023: Sh=+0.000
      2024: Sh=+7.156
      2025: Sh=+0.022
      2026: Sh=+0.000
      → PROMOTED

    single below 0.8x s=0.5 t=0.05 T=15  WF=PASS
      2022: Sh=+0.000
      2023: Sh=+0.000
      2024: Sh=+7.156
      2025: Sh=+0.082
      2026: Sh=+0.000
      → PROMOTED

  SPY complete: 5685s, 14 promoted
Fetching daily bars for QQQ (2022-01-01 to 2026-03-12)...
  Got 1051 daily bars for QQQ
Fetching intraday bars for QQQ across 1038 dates...
  Progress: 50/1038 dates...
  Progress: 100/1038 dates...
  Progress: 150/1038 dates...
  Progress: 200/1038 dates...
  Progress: 250/1038 dates...
  Progress: 300/1038 dates...
  Progress: 350/1038 dates...
  Progress: 400/1038 dates...
  Progress: 450/1038 dates...
  Progress: 500/1038 dates...
  Progress: 550/1038 dates...
  Progress: 600/1038 dates...
  Progress: 650/1038 dates...
  Progress: 700/1038 dates...
  Progress: 750/1038 dates...
  Progress: 800/1038 dates...
  Progress: 850/1038 dates...
  Progress: 900/1038 dates...
  Progress: 950/1038 dates...
  Progress: 1000/1038 dates...
  Got intraday data for 1038/1038 dates

======================================================================
  QQQ DEEP FRONTSIDE SEARCH
  1037 trading days with VWAP + ATR
======================================================================

  PHASE 1: Single entries (0.3x–2.0x ATR, both dirs)
  2532 total single-entry signals across 35 combos
    below 0.3x: 528
    below 0.4x: 365
    below 0.5x: 222
    below 0.6x: 128
    below 0.7x:  73
    below 0.8x:  40
    below 0.9x:  26
    below 1.0x:  17
    below 1.1x:   7
    below 1.2x:   5
    below 1.3x:   5
    below 1.4x:   2
    below 1.5x:   2
    below 1.6x:   2
    below 1.7x:   2
    below 1.8x:   2
    below 1.9x:   1
    below 2.0x:   1
    above 0.3x: 500
    above 0.4x: 270
    above 0.5x: 146
    above 0.6x:  73
    above 0.7x:  42
    above 0.8x:  23
    above 0.9x:  16
    above 1.0x:  11
    above 1.1x:   6
    above 1.2x:   4
    above 1.3x:   3
    above 1.4x:   2
    above 1.5x:   2
    above 1.6x:   2
    above 1.7x:   2
    above 1.8x:   1
    above 1.9x:   1

  Grid: 35 signal combos × 847 exit combos = 29645
    [20000/29645] (8153 passed)...
  Phase 1 done: 8290 positive-expectancy configs

  PHASE 2: Scaled entries (2 levels, 30 pairs)
  12037 total scaled-entry signals across 60 combos
  Grid: 60 signal combos × 324 exits = 19440
  Phase 2 done: 6931 positive-expectancy configs

  PHASE 3: Triple scaled entries (27 combos)
  18241 total triple-entry signals across 54 combos
  Grid: 54 signal combos × 144 exits = 7776
  Phase 3 done: 1591 positive-expectancy configs

======================================================================
  QQQ COMBINED: 16812 positive-expectancy configs
  Single: 8290 | Scaled-2: 6931 | Scaled-3: 1591
======================================================================

  TOP 50 (by Sharpe, filtering near-zero-variance):
    #     Type   Dir         Levels  Stop   Tgt    T    N  Sharpe    WR      Avg      Tot    PF  NY
    1   single above           0.8x  0.50  0.05   15   23   2.181 95.7% +0.0437%   +1.01% 21.00   0
    2   single above           0.8x  0.75  0.05   15   23   2.181 95.7% +0.0437%   +1.01% 21.00   0
    3   single above           0.8x  1.00  0.05   15   23   2.181 95.7% +0.0437%   +1.01% 21.00   0
    4   single above           0.8x  1.50  0.05   15   23   2.181 95.7% +0.0437%   +1.01% 21.00   0
    5   single above           0.8x  2.00  0.05   15   23   2.181 95.7% +0.0437%   +1.01% 21.00   0
    6   single above           0.8x  3.00  0.05   15   23   2.181 95.7% +0.0437%   +1.01% 21.00   0
    7   single above           0.8x  0.50  0.05    5   23   1.333 91.3% +0.0394%   +0.91% 10.07   0
    8   single above           0.8x  0.75  0.05    5   23   1.333 91.3% +0.0394%   +0.91% 10.07   0
    9   single above           0.8x  1.00  0.05    5   23   1.333 91.3% +0.0394%   +0.91% 10.07   0
   10   single above           0.8x  1.50  0.05    5   23   1.333 91.3% +0.0394%   +0.91% 10.07   0
   11   single above           0.8x  2.00  0.05    5   23   1.333 91.3% +0.0394%   +0.91% 10.07   0
   12   single above           0.8x  3.00  0.05    5   23   1.333 91.3% +0.0394%   +0.91% 10.07   0
   13   single above           0.8x  0.50  0.10  EOD   23   1.322 95.7% +0.0823%   +1.89% 10.28   0
   14   single above           0.8x  0.75  0.10  EOD   23   1.322 95.7% +0.0823%   +1.89% 10.28   0
   15   single above           0.8x  1.00  0.10  EOD   23   1.322 95.7% +0.0823%   +1.89% 10.28   0
   16   single above           0.8x  1.50  0.10  EOD   23   1.322 95.7% +0.0823%   +1.89% 10.28   0
   17   single above           0.8x  2.00  0.10  EOD   23   1.322 95.7% +0.0823%   +1.89% 10.28   0
   18   single above           0.8x  3.00  0.10  EOD   23   1.322 95.7% +0.0823%   +1.89% 10.28   0
   19   single above           0.8x  0.50  0.05   10   23   1.183 95.7% +0.0407%   +0.94%  8.76   0
   20   single above           0.8x  0.75  0.05   10   23   1.183 95.7% +0.0407%   +0.94%  8.76   0
   21   single above           0.8x  1.00  0.05   10   23   1.183 95.7% +0.0407%   +0.94%  8.76   0
   22   single above           0.8x  1.50  0.05   10   23   1.183 95.7% +0.0407%   +0.94%  8.76   0
   23   single above           0.8x  2.00  0.05   10   23   1.183 95.7% +0.0407%   +0.94%  8.76   0
   24   single above           0.8x  3.00  0.05   10   23   1.183 95.7% +0.0407%   +0.94%  8.76   0
   25   single above           0.8x  0.50  0.10   60   23   0.932 91.3% +0.0737%   +1.69%  5.66   0
   26   single above           0.8x  0.75  0.10   60   23   0.932 91.3% +0.0737%   +1.69%  5.66   0
   27   single above           0.8x  1.00  0.10   60   23   0.932 91.3% +0.0737%   +1.69%  5.66   0
   28   single above           0.8x  1.50  0.10   60   23   0.932 91.3% +0.0737%   +1.69%  5.66   0
   29   single above           0.8x  2.00  0.10   60   23   0.932 91.3% +0.0737%   +1.69%  5.66   0
   30   single above           0.8x  3.00  0.10   60   23   0.932 91.3% +0.0737%   +1.69%  5.66   0
   31   single above           0.8x  0.50  0.10  120   23   0.894 91.3% +0.0729%   +1.68%  5.39   0
   32   single above           0.8x  0.75  0.10  120   23   0.894 91.3% +0.0729%   +1.68%  5.39   0
   33   single above           0.8x  1.00  0.10  120   23   0.894 91.3% +0.0729%   +1.68%  5.39   0
   34   single above           0.8x  1.50  0.10  120   23   0.894 91.3% +0.0729%   +1.68%  5.39   0
   35   single above           0.8x  2.00  0.10  120   23   0.894 91.3% +0.0729%   +1.68%  5.39   0
   36   single above           0.8x  3.00  0.10  120   23   0.894 91.3% +0.0729%   +1.68%  5.39   0
   37   single below           0.9x  0.10  0.25    5   26   0.802 73.1% +0.1147%   +2.98%  5.57   0
   38   single below           0.9x  0.10  0.15    5   26   0.789 76.9% +0.0827%   +2.15%  4.52   0
   39   single below           0.9x  0.10  0.20    5   26   0.788 73.1% +0.0998%   +2.59%  4.97   0
   40   single below           0.9x  0.10  0.10   10   26   0.755 80.8% +0.0595%   +1.55%  4.04   0
   41   single below           0.9x  0.10  0.10   15   26   0.755 80.8% +0.0595%   +1.55%  4.04   0
   42   single below           0.9x  0.10  0.10   30   26   0.755 80.8% +0.0595%   +1.55%  4.04   0
   43   single below           0.9x  0.10  0.10   60   26   0.755 80.8% +0.0595%   +1.55%  4.04   0
   44   single below           0.9x  0.10  0.10  120   26   0.755 80.8% +0.0595%   +1.55%  4.04   0
   45   single below           0.9x  0.10  0.10  EOD   26   0.755 80.8% +0.0595%   +1.55%  4.04   0
   46   single below           0.9x  0.10  0.10    5   26   0.750 80.8% +0.0590%   +1.53%  4.01   0
   47   single below           0.9x  0.10  0.20   10   26   0.739 65.4% +0.1002%   +2.60%  4.42   0
   48   single above           0.8x  0.50  0.10   10   23   0.691 87.0% +0.0599%   +1.38%  3.93   0
   49   single above           0.8x  0.75  0.10   10   23   0.691 87.0% +0.0599%   +1.38%  3.93   0
   50   single above           0.8x  1.00  0.10   10   23   0.691 87.0% +0.0599%   +1.38%  3.93   0

======================================================================
  WALK-FORWARD (Train < 2024-07-01 | Test >= 2024-07-01)
======================================================================

  WF survivors: 0

  QQQ complete: 5070s, 0 promoted


======================================================================
  ALL COMPLETE — 10762s (179.4m)
  SPY promoted: 14
  QQQ promoted: 0
  Total promoted: 14
======================================================================
