======================================================================
  FRONTSIDE vs BAR-CLOSE FILL MODEL COMPARISON
  Limit order fills (touch) vs bar-close fills
  All data from real Polygon 1-min bars. No fabrication.
======================================================================

██████████████████████████████████████████████████████████████████████
  SPY
██████████████████████████████████████████████████████████████████████
Fetching daily bars for SPY (2022-01-01 to 2026-03-12)...
  Got 1051 daily bars for SPY
Fetching daily bars for TLT (2022-01-01 to 2026-03-12)...
  Got 1051 daily bars for TLT
Fetching VIX data (2022-01-01 to 2026-03-12)...
  Got 1071 VIX daily bars via I:VIX
Fetching intraday bars for SPY across 1038 dates...
  Progress: 50/1038 dates...
  Progress: 100/1038 dates...
  Progress: 150/1038 dates...
  Progress: 200/1038 dates...
  Progress: 250/1038 dates...
  Progress: 300/1038 dates...
  Progress: 350/1038 dates...
  Progress: 400/1038 dates...
  Progress: 450/1038 dates...
  Progress: 500/1038 dates...
  Progress: 550/1038 dates...
  Progress: 600/1038 dates...
  Progress: 650/1038 dates...
  Progress: 700/1038 dates...
  Progress: 750/1038 dates...
  Progress: 800/1038 dates...
  Progress: 850/1038 dates...
  Progress: 900/1038 dates...
  Progress: 950/1038 dates...
  Progress: 1000/1038 dates...
  Got intraday data for 1038/1038 dates

======================================================================
  SPY — FRONTSIDE vs BAR-CLOSE COMPARISON
======================================================================
  Computing VWAP for 1038 days...
  1037 days with VWAP + ATR

  Finding signals...
  Frontside signals: 1013 across 20 combos
  Bar-close signals: 816 across 20 combos

  Signal count comparison:
    below 0.5x: frontside=236, barclose=196 (+40)
    below 0.6x: frontside=139, barclose=112 (+27)
    below 0.7x: frontside=89, barclose=75 (+14)
    below 0.8x: frontside=62, barclose=48 (+14)
    below 0.9x: frontside=38, barclose=27 (+11)
    below 1.0x: frontside=18, barclose=15 (+3)
    below 1.1x: frontside=12, barclose=11 (+1)
    below 1.2x: frontside=7, barclose=6 (+1)
    below 1.3x: frontside=5, barclose=5 (+0)
    below 1.5x: frontside=3, barclose=3 (+0)
    above 0.5x: frontside=155, barclose=127 (+28)
    above 0.6x: frontside=93, barclose=71 (+22)
    above 0.7x: frontside=60, barclose=41 (+19)
    above 0.8x: frontside=36, barclose=26 (+10)
    above 0.9x: frontside=23, barclose=20 (+3)
    above 1.0x: frontside=17, barclose=13 (+4)
    above 1.1x: frontside=9, barclose=9 (+0)
    above 1.2x: frontside=5, barclose=5 (+0)
    above 1.3x: frontside=4, barclose=4 (+0)
    above 1.5x: frontside=2, barclose=2 (+0)

  Running frontside grid search...
  20 signal combos × 840 exit combos = 16800
    [10000/16800] (5343 passed)...

  Running bar-close grid search...
    [10000/16800] (3122 passed)...

======================================================================
  SPY RESULTS COMPARISON
======================================================================
  Frontside: 7191 positive-expectancy configs
  Bar-close: 3177 positive-expectancy configs

  TOP 30 FRONTSIDE:
    #   Dir  ATR  Stop   Tgt    T    N  Sharpe    WR      Avg      Tot    PF  NY
    1 below  0.8  1.00  0.05   60   62   0.891 96.8% +0.0405%   +2.51%  7.81   0
    2 below  0.8  1.50  0.05   60   62   0.891 96.8% +0.0405%   +2.51%  7.81   0
    3 below  0.8  2.00  0.05   60   62   0.891 96.8% +0.0405%   +2.51%  7.81   0
    4 below  0.9  0.10  0.15    5   38   0.842 78.9% +0.0804%   +3.05%  5.46   1
    5 below  0.8  1.00  0.05  120   62   0.822 96.8% +0.0396%   +2.46%  6.80   0
    6 below  0.8  1.00  0.05  EOD   62   0.822 96.8% +0.0396%   +2.46%  6.80   0
    7 below  0.8  1.50  0.05  120   62   0.822 96.8% +0.0396%   +2.46%  6.80   0
    8 below  0.8  1.50  0.05  EOD   62   0.822 96.8% +0.0396%   +2.46%  6.80   0
    9 below  0.8  2.00  0.05  120   62   0.822 96.8% +0.0396%   +2.46%  6.80   0
   10 below  0.8  2.00  0.05  EOD   62   0.822 96.8% +0.0396%   +2.46%  6.80   0
   11 below  0.9  0.10  0.10    5   38   0.805 81.6% +0.0595%   +2.26%  4.62   0
   12 below  0.9  0.15  0.15    5   38   0.796 81.6% +0.0817%   +3.10%  4.97   1
   13 below  0.9  0.25  0.15    5   38   0.765 84.2% +0.0826%   +3.14%  4.99   1
   14 below  0.9  0.15  0.20    5   38   0.742 78.9% +0.0915%   +3.48%  4.89   1
   15 below  0.9  0.25  0.20    5   38   0.724 81.6% +0.0924%   +3.51%  4.92   1
   16 below  0.9  0.15  0.10    5   38   0.723 84.2% +0.0595%   +2.26%  4.13   1
   17 below  0.8  0.75  0.05   15   62   0.720 96.8% +0.0386%   +2.39%  6.16   0
   18 below  0.8  1.00  0.05   15   62   0.720 96.8% +0.0386%   +2.39%  6.16   0
   19 below  0.8  1.50  0.05   15   62   0.720 96.8% +0.0386%   +2.39%  6.16   0
   20 below  0.8  2.00  0.05   15   62   0.720 96.8% +0.0386%   +2.39%  6.16   0
   21 below  0.9  0.10  0.15   10   38   0.718 71.1% +0.0762%   +2.89%  4.07   1
   22 below  0.9  0.10  0.10   10   38   0.700 78.9% +0.0564%   +2.14%  3.69   0
   23 below  0.9  0.50  0.15    5   38   0.692 84.2% +0.0804%   +3.05%  4.51   1
   24 below  0.9  0.75  0.15    5   38   0.692 84.2% +0.0804%   +3.05%  4.51   1
   25 below  0.9  1.00  0.15    5   38   0.692 84.2% +0.0804%   +3.05%  4.51   1
   26 below  0.9  1.50  0.15    5   38   0.692 84.2% +0.0804%   +3.05%  4.51   1
   27 below  0.9  2.00  0.15    5   38   0.692 84.2% +0.0804%   +3.05%  4.51   1
   28 below  0.9  0.30  0.15    5   38   0.687 84.2% +0.0800%   +3.04%  4.43   1
   29 below  0.9  0.10  0.10   15   38   0.686 78.9% +0.0559%   +2.12%  3.60   0
   30 below  0.9  0.10  0.10   30   38   0.686 78.9% +0.0559%   +2.12%  3.60   0

  TOP 10 BAR-CLOSE (for comparison):
    1 below  0.9  0.25  0.15    5   27   0.454 70.4% +0.0612%   +1.65%  3.13   1
    2 below  0.9  0.30  0.15    5   27   0.454 70.4% +0.0612%   +1.65%  3.13   1
    3 below  0.9  0.50  0.15    5   27   0.440 70.4% +0.0604%   +1.63%  3.04   1
    4 below  0.9  0.75  0.15    5   27   0.440 70.4% +0.0604%   +1.63%  3.04   1
    5 below  0.9  1.00  0.15    5   27   0.440 70.4% +0.0604%   +1.63%  3.04   1
    6 below  0.9  1.50  0.15    5   27   0.440 70.4% +0.0604%   +1.63%  3.04   1
    7 below  0.9  2.00  0.15    5   27   0.440 70.4% +0.0604%   +1.63%  3.04   1
    8 below  0.9  0.25  0.25    5   27   0.429 66.7% +0.0723%   +1.95%  3.29   2
    9 below  0.9  0.30  0.25    5   27   0.429 66.7% +0.0723%   +1.95%  3.29   2
   10 below  0.9  0.25  0.10    5   27   0.428 70.4% +0.0523%   +1.41%  2.82   1

======================================================================
  WALK-FORWARD — FRONTSIDE MODEL
======================================================================
  # 1 below 0.8x s=1.0 t=0.05 T=60
       Train: N= 32 Sh=+10573743929149.535 WR=100.0%
       Test:  N= 30 Sh=+0.505 WR= 93.3%  → PASS
  # 2 below 0.8x s=1.5 t=0.05 T=60
       Train: N= 32 Sh=+10573743929149.535 WR=100.0%
       Test:  N= 30 Sh=+0.505 WR= 93.3%  → PASS
  # 3 below 0.8x s=2.0 t=0.05 T=60
       Train: N= 32 Sh=+10573743929149.535 WR=100.0%
       Test:  N= 30 Sh=+0.505 WR= 93.3%  → PASS
  # 5 below 0.8x s=1.0 t=0.05 T=120
       Train: N= 32 Sh=+10573743929149.535 WR=100.0%
       Test:  N= 30 Sh=+0.450 WR= 93.3%  → PASS
  # 6 below 0.8x s=1.0 t=0.05 T=EOD
       Train: N= 32 Sh=+10573743929149.535 WR=100.0%
       Test:  N= 30 Sh=+0.450 WR= 93.3%  → PASS
  # 7 below 0.8x s=1.5 t=0.05 T=120
       Train: N= 32 Sh=+10573743929149.535 WR=100.0%
       Test:  N= 30 Sh=+0.450 WR= 93.3%  → PASS
  # 8 below 0.8x s=1.5 t=0.05 T=EOD
       Train: N= 32 Sh=+10573743929149.535 WR=100.0%
       Test:  N= 30 Sh=+0.450 WR= 93.3%  → PASS
  # 9 below 0.8x s=2.0 t=0.05 T=120
       Train: N= 32 Sh=+10573743929149.535 WR=100.0%
       Test:  N= 30 Sh=+0.450 WR= 93.3%  → PASS
  #10 below 0.8x s=2.0 t=0.05 T=EOD
       Train: N= 32 Sh=+10573743929149.535 WR=100.0%
       Test:  N= 30 Sh=+0.450 WR= 93.3%  → PASS
  #17 below 0.8x s=0.75 t=0.05 T=15
       Train: N= 32 Sh=+10.463 WR=100.0%
       Test:  N= 30 Sh=+0.388 WR= 93.3%  → PASS
  #18 below 0.8x s=1.0 t=0.05 T=15
       Train: N= 32 Sh=+10.463 WR=100.0%
       Test:  N= 30 Sh=+0.388 WR= 93.3%  → PASS
  #19 below 0.8x s=1.5 t=0.05 T=15
       Train: N= 32 Sh=+10.463 WR=100.0%
       Test:  N= 30 Sh=+0.388 WR= 93.3%  → PASS
  #20 below 0.8x s=2.0 t=0.05 T=15
       Train: N= 32 Sh=+10.463 WR=100.0%
       Test:  N= 30 Sh=+0.388 WR= 93.3%  → PASS
  #91 below 0.8x s=0.3 t=0.05 T=30
       Train: N= 32 Sh=+10573743929149.535 WR=100.0%
       Test:  N= 30 Sh=+0.253 WR= 90.0%  → PASS
  #99 below 0.8x s=0.5 t=0.05 T=5
       Train: N= 32 Sh=+0.757 WR= 90.6%
       Test:  N= 30 Sh=+0.416 WR= 86.7%  → PASS
  #100 below 0.8x s=0.75 t=0.05 T=5
       Train: N= 32 Sh=+0.757 WR= 90.6%
       Test:  N= 30 Sh=+0.416 WR= 86.7%  → PASS

  WF survivors: 16

  YEARLY STABILITY:

    below 0.8x s=1.0 t=0.05 T=60  WF=PASS
      2022: Sh=+14486754703685.293
      2023: Sh=+11816694608521.979
      2024: Sh=+7640233952429.415
      2025: Sh=+0.296
      2026: Sh=+10508373445659.129
      → PROMOTED

    below 0.8x s=1.5 t=0.05 T=60  WF=PASS
      2022: Sh=+14486754703685.293
      2023: Sh=+11816694608521.979
      2024: Sh=+7640233952429.415
      2025: Sh=+0.296
      2026: Sh=+10508373445659.129
      → PROMOTED

    below 0.8x s=2.0 t=0.05 T=60  WF=PASS
      2022: Sh=+14486754703685.293
      2023: Sh=+11816694608521.979
      2024: Sh=+7640233952429.415
      2025: Sh=+0.296
      2026: Sh=+10508373445659.129
      → PROMOTED

    below 0.8x s=1.0 t=0.05 T=120  WF=PASS
      2022: Sh=+14486754703685.293
      2023: Sh=+11816694608521.979
      2024: Sh=+7640233952429.415
      2025: Sh=+0.246
      2026: Sh=+10508373445659.129
      → PROMOTED

    below 0.8x s=1.0 t=0.05 T=EOD  WF=PASS
      2022: Sh=+14486754703685.293
      2023: Sh=+11816694608521.979
      2024: Sh=+7640233952429.415
      2025: Sh=+0.246
      2026: Sh=+10508373445659.129
      → PROMOTED

    below 0.8x s=1.5 t=0.05 T=120  WF=PASS
      2022: Sh=+14486754703685.293
      2023: Sh=+11816694608521.979
      2024: Sh=+7640233952429.415
      2025: Sh=+0.246
      2026: Sh=+10508373445659.129
      → PROMOTED

    below 0.8x s=1.5 t=0.05 T=EOD  WF=PASS
      2022: Sh=+14486754703685.293
      2023: Sh=+11816694608521.979
      2024: Sh=+7640233952429.415
      2025: Sh=+0.246
      2026: Sh=+10508373445659.129
      → PROMOTED

    below 0.8x s=2.0 t=0.05 T=120  WF=PASS
      2022: Sh=+14486754703685.293
      2023: Sh=+11816694608521.979
      2024: Sh=+7640233952429.415
      2025: Sh=+0.246
      2026: Sh=+10508373445659.129
      → PROMOTED

    below 0.8x s=2.0 t=0.05 T=EOD  WF=PASS
      2022: Sh=+14486754703685.293
      2023: Sh=+11816694608521.979
      2024: Sh=+7640233952429.415
      2025: Sh=+0.246
      2026: Sh=+10508373445659.129
      → PROMOTED

    below 0.8x s=0.75 t=0.05 T=15  WF=PASS
      2022: Sh=+14486754703685.293
      2023: Sh=+11816694608521.979
      2024: Sh=+7.156
      2025: Sh=+0.198
      2026: Sh=+10508373445659.129
      → PROMOTED

    below 0.8x s=1.0 t=0.05 T=15  WF=PASS
      2022: Sh=+14486754703685.293
      2023: Sh=+11816694608521.979
      2024: Sh=+7.156
      2025: Sh=+0.198
      2026: Sh=+10508373445659.129
      → PROMOTED

    below 0.8x s=1.5 t=0.05 T=15  WF=PASS
      2022: Sh=+14486754703685.293
      2023: Sh=+11816694608521.979
      2024: Sh=+7.156
      2025: Sh=+0.198
      2026: Sh=+10508373445659.129
      → PROMOTED

    below 0.8x s=2.0 t=0.05 T=15  WF=PASS
      2022: Sh=+14486754703685.293
      2023: Sh=+11816694608521.979
      2024: Sh=+7.156
      2025: Sh=+0.198
      2026: Sh=+10508373445659.129
      → PROMOTED

    below 0.8x s=0.3 t=0.05 T=30  WF=PASS
      2022: Sh=+14486754703685.293
      2023: Sh=+11816694608521.979
      2024: Sh=+7640233952429.415
      2025: Sh=+0.068
      2026: Sh=+10508373445659.129
      → PROMOTED

    below 0.8x s=0.5 t=0.05 T=5  WF=PASS
      2022: Sh=+14486754703685.293
      2023: Sh=+0.251
      2024: Sh=+0.824
      2025: Sh=+0.289
      2026: Sh=+10508373445659.129
      → PROMOTED

    below 0.8x s=0.75 t=0.05 T=5  WF=PASS
      2022: Sh=+14486754703685.293
      2023: Sh=+0.251
      2024: Sh=+0.824
      2025: Sh=+0.289
      2026: Sh=+10508373445659.129
      → PROMOTED

██████████████████████████████████████████████████████████████████████
  QQQ
██████████████████████████████████████████████████████████████████████
Fetching daily bars for QQQ (2022-01-01 to 2026-03-12)...
  Got 1051 daily bars for QQQ
Fetching intraday bars for QQQ across 1038 dates...
  Progress: 50/1038 dates...
  Progress: 100/1038 dates...
  Progress: 150/1038 dates...
  Progress: 200/1038 dates...
  Progress: 250/1038 dates...
  Progress: 300/1038 dates...
  Progress: 350/1038 dates...
  Progress: 400/1038 dates...
  Progress: 450/1038 dates...
  Progress: 500/1038 dates...
  Progress: 550/1038 dates...
  Progress: 600/1038 dates...
  Progress: 650/1038 dates...
  Progress: 700/1038 dates...
  Progress: 750/1038 dates...
  Progress: 800/1038 dates...
  Progress: 850/1038 dates...
  Progress: 900/1038 dates...
  Progress: 950/1038 dates...
  Progress: 1000/1038 dates...
  Got intraday data for 1038/1038 dates

======================================================================
  QQQ — FRONTSIDE vs BAR-CLOSE COMPARISON
======================================================================
  Computing VWAP for 1038 days...
  1037 days with VWAP + ATR

  Finding signals...
  Frontside signals: 851 across 20 combos
  Bar-close signals: 728 across 20 combos

  Signal count comparison:
    below 0.5x: frontside=222, barclose=190 (+32)
    below 0.6x: frontside=128, barclose=108 (+20)
    below 0.7x: frontside=73, barclose=63 (+10)
    below 0.8x: frontside=40, barclose=36 (+4)
    below 0.9x: frontside=26, barclose=20 (+6)
    below 1.0x: frontside=17, barclose=13 (+4)
    below 1.1x: frontside=7, barclose=7 (+0)
    below 1.2x: frontside=5, barclose=5 (+0)
    below 1.3x: frontside=5, barclose=5 (+0)
    below 1.5x: frontside=2, barclose=2 (+0)
    above 0.5x: frontside=146, barclose=124 (+22)
    above 0.6x: frontside=73, barclose=63 (+10)
    above 0.7x: frontside=42, barclose=36 (+6)
    above 0.8x: frontside=23, barclose=20 (+3)
    above 0.9x: frontside=16, barclose=15 (+1)
    above 1.0x: frontside=11, barclose=8 (+3)
    above 1.1x: frontside=6, barclose=6 (+0)
    above 1.2x: frontside=4, barclose=3 (+1)
    above 1.3x: frontside=3, barclose=2 (+1)
    above 1.5x: frontside=2, barclose=2 (+0)

  Running frontside grid search...
  20 signal combos × 840 exit combos = 16800
    [10000/16800] (4631 passed)...

  Running bar-close grid search...
    [10000/16800] (2739 passed)...

======================================================================
  QQQ RESULTS COMPARISON
======================================================================
  Frontside: 5867 positive-expectancy configs
  Bar-close: 2801 positive-expectancy configs

  TOP 30 FRONTSIDE:
    #   Dir  ATR  Stop   Tgt    T    N  Sharpe    WR      Avg      Tot    PF  NY
    1 above  0.8  0.50  0.05   30   23 10479009266907.875 100.0% +0.0480%   +1.10% 11040.00   0
    2 above  0.8  0.50  0.05   60   23 10479009266907.875 100.0% +0.0480%   +1.10% 11040.00   0
    3 above  0.8  0.50  0.05  120   23 10479009266907.875 100.0% +0.0480%   +1.10% 11040.00   0
    4 above  0.8  0.50  0.05  EOD   23 10479009266907.875 100.0% +0.0480%   +1.10% 11040.00   0
    5 above  0.8  0.75  0.05   30   23 10479009266907.875 100.0% +0.0480%   +1.10% 11040.00   0
    6 above  0.8  0.75  0.05   60   23 10479009266907.875 100.0% +0.0480%   +1.10% 11040.00   0
    7 above  0.8  0.75  0.05  120   23 10479009266907.875 100.0% +0.0480%   +1.10% 11040.00   0
    8 above  0.8  0.75  0.05  EOD   23 10479009266907.875 100.0% +0.0480%   +1.10% 11040.00   0
    9 above  0.8  1.00  0.05   30   23 10479009266907.875 100.0% +0.0480%   +1.10% 11040.00   0
   10 above  0.8  1.00  0.05   60   23 10479009266907.875 100.0% +0.0480%   +1.10% 11040.00   0
   11 above  0.8  1.00  0.05  120   23 10479009266907.875 100.0% +0.0480%   +1.10% 11040.00   0
   12 above  0.8  1.00  0.05  EOD   23 10479009266907.875 100.0% +0.0480%   +1.10% 11040.00   0
   13 above  0.8  1.50  0.05   30   23 10479009266907.875 100.0% +0.0480%   +1.10% 11040.00   0
   14 above  0.8  1.50  0.05   60   23 10479009266907.875 100.0% +0.0480%   +1.10% 11040.00   0
   15 above  0.8  1.50  0.05  120   23 10479009266907.875 100.0% +0.0480%   +1.10% 11040.00   0
   16 above  0.8  1.50  0.05  EOD   23 10479009266907.875 100.0% +0.0480%   +1.10% 11040.00   0
   17 above  0.8  2.00  0.05   30   23 10479009266907.875 100.0% +0.0480%   +1.10% 11040.00   0
   18 above  0.8  2.00  0.05   60   23 10479009266907.875 100.0% +0.0480%   +1.10% 11040.00   0
   19 above  0.8  2.00  0.05  120   23 10479009266907.875 100.0% +0.0480%   +1.10% 11040.00   0
   20 above  0.8  2.00  0.05  EOD   23 10479009266907.875 100.0% +0.0480%   +1.10% 11040.00   0
   21 above  0.8  0.50  0.05   15   23   2.181 95.7% +0.0437%   +1.01% 21.00   0
   22 above  0.8  0.75  0.05   15   23   2.181 95.7% +0.0437%   +1.01% 21.00   0
   23 above  0.8  1.00  0.05   15   23   2.181 95.7% +0.0437%   +1.01% 21.00   0
   24 above  0.8  1.50  0.05   15   23   2.181 95.7% +0.0437%   +1.01% 21.00   0
   25 above  0.8  2.00  0.05   15   23   2.181 95.7% +0.0437%   +1.01% 21.00   0
   26 above  0.8  0.50  0.05    5   23   1.333 91.3% +0.0394%   +0.91% 10.07   0
   27 above  0.8  0.75  0.05    5   23   1.333 91.3% +0.0394%   +0.91% 10.07   0
   28 above  0.8  1.00  0.05    5   23   1.333 91.3% +0.0394%   +0.91% 10.07   0
   29 above  0.8  1.50  0.05    5   23   1.333 91.3% +0.0394%   +0.91% 10.07   0
   30 above  0.8  2.00  0.05    5   23   1.333 91.3% +0.0394%   +0.91% 10.07   0

  TOP 10 BAR-CLOSE (for comparison):
    1 below  0.6  1.00  0.20   15  108   0.363 71.3% +0.0829%   +8.95%  2.37   0
    2 below  0.6  1.50  0.20   15  108   0.363 71.3% +0.0829%   +8.95%  2.37   0
    3 below  0.6  2.00  0.20   15  108   0.363 71.3% +0.0829%   +8.95%  2.37   0
    4 below  0.6  1.00  0.15   15  108   0.351 75.0% +0.0743%   +8.03%  2.29   0
    5 below  0.6  1.50  0.15   15  108   0.351 75.0% +0.0743%   +8.03%  2.29   0
    6 below  0.6  2.00  0.15   15  108   0.351 75.0% +0.0743%   +8.03%  2.29   0
    7 below  0.6  1.00  0.25   15  108   0.344 69.4% +0.0868%   +9.37%  2.31   0
    8 below  0.6  1.50  0.25   15  108   0.344 69.4% +0.0868%   +9.37%  2.31   0
    9 below  0.6  2.00  0.25   15  108   0.344 69.4% +0.0868%   +9.37%  2.31   0
   10 below  0.6  1.00  0.30   15  108   0.343 67.6% +0.0903%   +9.75%  2.34   0

======================================================================
  WALK-FORWARD — FRONTSIDE MODEL
======================================================================

  WF survivors: 0


======================================================================
  ALL COMPLETE — 1981s (33.0m)
  SPY promoted: 16
  QQQ promoted: 0
======================================================================
